2016/05/01 18:21:38 [error] [system.db.CDbCommand] CDbCommand::fetchAll() failed: SQLSTATE[42S02]: Base table or view not found: 1146 Table 'forecasting_penjualan.tbl_migration' doesn't exist. The SQL statement executed was: SHOW FULL COLUMNS FROM `tbl_migration`.
2016/05/02 17:10:07 [error] [exception.CDbException] exception 'CDbException' with message 'Table "user" does not have a column named "username".' in E:\xampp\htdocs\newyii\framework\db\schema\CDbCommandBuilder.php:697
Stack trace:
#0 E:\xampp\htdocs\newyii\framework\db\ar\CActiveRecord.php(1523): CDbCommandBuilder->createColumnCriteria(Object(CMysqlTableSchema), Array, '', Array, '`t`.')
#1 E:\xampp\htdocs\forecastingpenjualan\protected\components\UserIdentity.php(20): CActiveRecord->findByAttributes(Array)
#2 E:\xampp\htdocs\forecastingpenjualan\protected\models\LoginForm.php(52): UserIdentity->authenticate()
#3 E:\xampp\htdocs\newyii\framework\validators\CInlineValidator.php(42): LoginForm->authenticate('password', Array)
#4 E:\xampp\htdocs\newyii\framework\validators\CValidator.php(201): CInlineValidator->validateAttribute(Object(LoginForm), 'password')
#5 E:\xampp\htdocs\newyii\framework\base\CModel.php(159): CValidator->validate(Object(LoginForm), NULL)
#6 E:\xampp\htdocs\forecastingpenjualan\protected\controllers\SiteController.php(94): CModel->validate()
#7 E:\xampp\htdocs\newyii\framework\web\actions\CInlineAction.php(49): SiteController->actionLogin()
#8 E:\xampp\htdocs\newyii\framework\web\CController.php(308): CInlineAction->runWithParams(Array)
#9 E:\xampp\htdocs\newyii\framework\web\CController.php(286): CController->runAction(Object(CInlineAction))
#10 E:\xampp\htdocs\newyii\framework\web\CController.php(265): CController->runActionWithFilters(Object(CInlineAction), Array)
#11 E:\xampp\htdocs\newyii\framework\web\CWebApplication.php(282): CController->run('login')
#12 E:\xampp\htdocs\newyii\framework\web\CWebApplication.php(141): CWebApplication->runController('site/login')
#13 E:\xampp\htdocs\newyii\framework\base\CApplication.php(185): CWebApplication->processRequest()
#14 E:\xampp\htdocs\forecastingpenjualan\index.php(13): CApplication->run()
#15 {main}
REQUEST_URI=/forecastingpenjualan/index.php?r=site/login
HTTP_REFERER=http://localhost/forecastingpenjualan/index.php?r=site/login
---
2016/05/02 17:15:44 [error] [exception.CDbException] exception 'CDbException' with message 'Table "user" does not have a column named "username".' in E:\xampp\htdocs\newyii\framework\db\schema\CDbCommandBuilder.php:697
Stack trace:
#0 E:\xampp\htdocs\newyii\framework\db\ar\CActiveRecord.php(1523): CDbCommandBuilder->createColumnCriteria(Object(CMysqlTableSchema), Array, '', Array, '`t`.')
#1 E:\xampp\htdocs\forecastingpenjualan\protected\components\UserIdentity.php(20): CActiveRecord->findByAttributes(Array)
#2 E:\xampp\htdocs\forecastingpenjualan\protected\models\LoginForm.php(52): UserIdentity->authenticate()
#3 E:\xampp\htdocs\newyii\framework\validators\CInlineValidator.php(42): LoginForm->authenticate('password', Array)
#4 E:\xampp\htdocs\newyii\framework\validators\CValidator.php(201): CInlineValidator->validateAttribute(Object(LoginForm), 'password')
#5 E:\xampp\htdocs\newyii\framework\base\CModel.php(159): CValidator->validate(Object(LoginForm), NULL)
#6 E:\xampp\htdocs\forecastingpenjualan\protected\controllers\SiteController.php(94): CModel->validate()
#7 E:\xampp\htdocs\newyii\framework\web\actions\CInlineAction.php(49): SiteController->actionLogin()
#8 E:\xampp\htdocs\newyii\framework\web\CController.php(308): CInlineAction->runWithParams(Array)
#9 E:\xampp\htdocs\newyii\framework\web\CController.php(286): CController->runAction(Object(CInlineAction))
#10 E:\xampp\htdocs\newyii\framework\web\CController.php(265): CController->runActionWithFilters(Object(CInlineAction), Array)
#11 E:\xampp\htdocs\newyii\framework\web\CWebApplication.php(282): CController->run('login')
#12 E:\xampp\htdocs\newyii\framework\web\CWebApplication.php(141): CWebApplication->runController('site/login')
#13 E:\xampp\htdocs\newyii\framework\base\CApplication.php(185): CWebApplication->processRequest()
#14 E:\xampp\htdocs\forecastingpenjualan\index.php(13): CApplication->run()
#15 {main}
REQUEST_URI=/forecastingpenjualan/index.php?r=site/login
HTTP_REFERER=http://localhost/forecastingpenjualan/index.php?r=site/login
---
2016/05/02 17:18:12 [error] [exception.CException] exception 'CException' with message 'Property "User.nama" is not defined.' in E:\xampp\htdocs\newyii\framework\base\CComponent.php:130
Stack trace:
#0 E:\xampp\htdocs\newyii\framework\db\ar\CActiveRecord.php(145): CComponent->__get('nama')
#1 E:\xampp\htdocs\newyii\framework\web\helpers\CHtml.php(2729): CActiveRecord->__get('nama')
#2 E:\xampp\htdocs\newyii\framework\web\helpers\CHtml.php(2452): CHtml::resolveValue(Object(User), 'nama')
#3 E:\xampp\htdocs\newyii\framework\web\helpers\CHtml.php(1534): CHtml::activeInputField('text', Object(User), 'nama', Array)
#4 E:\xampp\htdocs\newyii\framework\web\widgets\CActiveForm.php(792): CHtml::activeTextField(Object(User), 'nama', Array)
#5 E:\xampp\htdocs\forecastingpenjualan\protected\views\user\_form.php(36): CActiveForm->textField(Object(User), 'nama', Array)
#6 E:\xampp\htdocs\newyii\framework\web\CBaseController.php(126): require('E:\\xampp\\htdocs...')
#7 E:\xampp\htdocs\newyii\framework\web\CBaseController.php(95): CBaseController->renderInternal('E:\\xampp\\htdocs...', Array, true)
#8 E:\xampp\htdocs\newyii\framework\web\CController.php(869): CBaseController->renderFile('E:\\xampp\\htdocs...', Array, true)
#9 E:\xampp\htdocs\forecastingpenjualan\protected\views\user\create.php(18): CController->renderPartial('_form', Array)
#10 E:\xampp\htdocs\newyii\framework\web\CBaseController.php(126): require('E:\\xampp\\htdocs...')
#11 E:\xampp\htdocs\newyii\framework\web\CBaseController.php(95): CBaseController->renderInternal('E:\\xampp\\htdocs...', Array, true)
#12 E:\xampp\htdocs\newyii\framework\web\CController.php(869): CBaseController->renderFile('E:\\xampp\\htdocs...', Array, true)
#13 E:\xampp\htdocs\newyii\framework\web\CController.php(782): CController->renderPartial('create', Array, true)
#14 E:\xampp\htdocs\forecastingpenjualan\protected\controllers\UserController.php(79): CController->render('create', Array)
#15 E:\xampp\htdocs\newyii\framework\web\actions\CInlineAction.php(49): UserController->actionCreate()
#16 E:\xampp\htdocs\newyii\framework\web\CController.php(308): CInlineAction->runWithParams(Array)
#17 E:\xampp\htdocs\newyii\framework\web\filters\CFilterChain.php(133): CController->runAction(Object(CInlineAction))
#18 E:\xampp\htdocs\newyii\framework\web\filters\CFilter.php(40): CFilterChain->run()
#19 E:\xampp\htdocs\newyii\framework\web\CController.php(1145): CFilter->filter(Object(CFilterChain))
#20 E:\xampp\htdocs\newyii\framework\web\filters\CInlineFilter.php(58): CController->filterAccessControl(Object(CFilterChain))
#21 E:\xampp\htdocs\newyii\framework\web\filters\CFilterChain.php(130): CInlineFilter->filter(Object(CFilterChain))
#22 E:\xampp\htdocs\newyii\framework\web\CController.php(291): CFilterChain->run()
#23 E:\xampp\htdocs\newyii\framework\web\CController.php(265): CController->runActionWithFilters(Object(CInlineAction), Array)
#24 E:\xampp\htdocs\newyii\framework\web\CWebApplication.php(282): CController->run('create')
#25 E:\xampp\htdocs\newyii\framework\web\CWebApplication.php(141): CWebApplication->runController('user/create')
#26 E:\xampp\htdocs\newyii\framework\base\CApplication.php(185): CWebApplication->processRequest()
#27 E:\xampp\htdocs\forecastingpenjualan\index.php(13): CApplication->run()
#28 {main}
REQUEST_URI=/forecastingpenjualan/index.php?r=user/create
HTTP_REFERER=http://localhost/forecastingpenjualan/index.php?r=site/login
---
2016/05/02 17:26:49 [error] [exception.CException] exception 'CException' with message 'Property "User.level" is not defined.' in E:\xampp\htdocs\newyii\framework\base\CComponent.php:130
Stack trace:
#0 E:\xampp\htdocs\newyii\framework\db\ar\CActiveRecord.php(145): CComponent->__get('level')
#1 E:\xampp\htdocs\forecastingpenjualan\protected\components\UserIdentity.php(25): CActiveRecord->__get('level')
#2 E:\xampp\htdocs\forecastingpenjualan\protected\models\LoginForm.php(52): UserIdentity->authenticate()
#3 E:\xampp\htdocs\newyii\framework\validators\CInlineValidator.php(42): LoginForm->authenticate('password', Array)
#4 E:\xampp\htdocs\newyii\framework\validators\CValidator.php(201): CInlineValidator->validateAttribute(Object(LoginForm), 'password')
#5 E:\xampp\htdocs\newyii\framework\base\CModel.php(159): CValidator->validate(Object(LoginForm), NULL)
#6 E:\xampp\htdocs\forecastingpenjualan\protected\controllers\SiteController.php(94): CModel->validate()
#7 E:\xampp\htdocs\newyii\framework\web\actions\CInlineAction.php(49): SiteController->actionLogin()
#8 E:\xampp\htdocs\newyii\framework\web\CController.php(308): CInlineAction->runWithParams(Array)
#9 E:\xampp\htdocs\newyii\framework\web\CController.php(286): CController->runAction(Object(CInlineAction))
#10 E:\xampp\htdocs\newyii\framework\web\CController.php(265): CController->runActionWithFilters(Object(CInlineAction), Array)
#11 E:\xampp\htdocs\newyii\framework\web\CWebApplication.php(282): CController->run('login')
#12 E:\xampp\htdocs\newyii\framework\web\CWebApplication.php(141): CWebApplication->runController('site/login')
#13 E:\xampp\htdocs\newyii\framework\base\CApplication.php(185): CWebApplication->processRequest()
#14 E:\xampp\htdocs\forecastingpenjualan\index.php(13): CApplication->run()
#15 {main}
REQUEST_URI=/forecastingpenjualan/index.php?r=site/login
HTTP_REFERER=http://localhost/forecastingpenjualan/index.php?r=site/login
---
2016/05/02 17:28:55 [error] [exception.CHttpException.404] exception 'CHttpException' with message 'The system is unable to find the requested action "user".' in E:\xampp\htdocs\newyii\framework\web\CController.php:483
Stack trace:
#0 E:\xampp\htdocs\newyii\framework\web\CController.php(270): CController->missingAction('user')
#1 E:\xampp\htdocs\newyii\framework\web\CWebApplication.php(282): CController->run('user')
#2 E:\xampp\htdocs\newyii\framework\web\CWebApplication.php(141): CWebApplication->runController('site/user')
#3 E:\xampp\htdocs\newyii\framework\base\CApplication.php(185): CWebApplication->processRequest()
#4 E:\xampp\htdocs\forecastingpenjualan\index.php(13): CApplication->run()
#5 {main}
REQUEST_URI=/forecastingpenjualan/index.php?r=site/user
---
2016/05/02 17:29:05 [error] [exception.CHttpException.404] exception 'CHttpException' with message 'The system is unable to find the requested action "createuser".' in E:\xampp\htdocs\newyii\framework\web\CController.php:483
Stack trace:
#0 E:\xampp\htdocs\newyii\framework\web\CController.php(270): CController->missingAction('createuser')
#1 E:\xampp\htdocs\newyii\framework\web\CWebApplication.php(282): CController->run('createuser')
#2 E:\xampp\htdocs\newyii\framework\web\CWebApplication.php(141): CWebApplication->runController('site/createuser')
#3 E:\xampp\htdocs\newyii\framework\base\CApplication.php(185): CWebApplication->processRequest()
#4 E:\xampp\htdocs\forecastingpenjualan\index.php(13): CApplication->run()
#5 {main}
REQUEST_URI=/forecastingpenjualan/index.php?r=site/createuser
---
2016/05/02 17:29:31 [error] [exception.CHttpException.403] exception 'CHttpException' with message 'You are not authorized to perform this action.' in E:\xampp\htdocs\newyii\framework\web\auth\CAccessControlFilter.php:182
Stack trace:
#0 E:\xampp\htdocs\newyii\framework\web\auth\CAccessControlFilter.php(145): CAccessControlFilter->accessDenied(Object(CWebUser), 'You are not aut...')
#1 E:\xampp\htdocs\newyii\framework\web\filters\CFilter.php(38): CAccessControlFilter->preFilter(Object(CFilterChain))
#2 E:\xampp\htdocs\newyii\framework\web\CController.php(1145): CFilter->filter(Object(CFilterChain))
#3 E:\xampp\htdocs\newyii\framework\web\filters\CInlineFilter.php(58): CController->filterAccessControl(Object(CFilterChain))
#4 E:\xampp\htdocs\newyii\framework\web\filters\CFilterChain.php(130): CInlineFilter->filter(Object(CFilterChain))
#5 E:\xampp\htdocs\newyii\framework\web\CController.php(291): CFilterChain->run()
#6 E:\xampp\htdocs\newyii\framework\web\CController.php(265): CController->runActionWithFilters(Object(CInlineAction), Array)
#7 E:\xampp\htdocs\newyii\framework\web\CWebApplication.php(282): CController->run('admin')
#8 E:\xampp\htdocs\newyii\framework\web\CWebApplication.php(141): CWebApplication->runController('user/admin')
#9 E:\xampp\htdocs\newyii\framework\base\CApplication.php(185): CWebApplication->processRequest()
#10 E:\xampp\htdocs\forecastingpenjualan\index.php(13): CApplication->run()
#11 {main}
REQUEST_URI=/forecastingpenjualan/index.php?r=user/admin
HTTP_REFERER=http://localhost/forecastingpenjualan/index.php?r=user/create
---
2016/05/03 06:56:15 [error] [exception.CHttpException.403] exception 'CHttpException' with message 'You are not authorized to perform this action.' in E:\xampp\htdocs\newyii\framework\web\auth\CAccessControlFilter.php:182
Stack trace:
#0 E:\xampp\htdocs\newyii\framework\web\auth\CAccessControlFilter.php(145): CAccessControlFilter->accessDenied(Object(CWebUser), 'You are not aut...')
#1 E:\xampp\htdocs\newyii\framework\web\filters\CFilter.php(38): CAccessControlFilter->preFilter(Object(CFilterChain))
#2 E:\xampp\htdocs\newyii\framework\web\CController.php(1145): CFilter->filter(Object(CFilterChain))
#3 E:\xampp\htdocs\newyii\framework\web\filters\CInlineFilter.php(58): CController->filterAccessControl(Object(CFilterChain))
#4 E:\xampp\htdocs\newyii\framework\web\filters\CFilterChain.php(130): CInlineFilter->filter(Object(CFilterChain))
#5 E:\xampp\htdocs\newyii\framework\web\CController.php(291): CFilterChain->run()
#6 E:\xampp\htdocs\newyii\framework\web\CController.php(265): CController->runActionWithFilters(Object(CInlineAction), Array)
#7 E:\xampp\htdocs\newyii\framework\web\CWebApplication.php(282): CController->run('admin')
#8 E:\xampp\htdocs\newyii\framework\web\CWebApplication.php(141): CWebApplication->runController('user/admin')
#9 E:\xampp\htdocs\newyii\framework\base\CApplication.php(185): CWebApplication->processRequest()
#10 E:\xampp\htdocs\forecastingpenjualan\index.php(13): CApplication->run()
#11 {main}
REQUEST_URI=/forecastingpenjualan/index.php?r=user/admin
HTTP_REFERER=http://localhost/forecastingpenjualan/index.php?r=user/index
---
2016/05/03 07:10:51 [error] [exception.CHttpException.404] exception 'CHttpException' with message 'The system is unable to find the requested action "user".' in E:\xampp\htdocs\newyii\framework\web\CController.php:483
Stack trace:
#0 E:\xampp\htdocs\newyii\framework\web\CController.php(270): CController->missingAction('user')
#1 E:\xampp\htdocs\newyii\framework\web\CWebApplication.php(282): CController->run('user')
#2 E:\xampp\htdocs\newyii\framework\web\CWebApplication.php(141): CWebApplication->runController('site/user')
#3 E:\xampp\htdocs\newyii\framework\base\CApplication.php(185): CWebApplication->processRequest()
#4 E:\xampp\htdocs\forecastingpenjualan\index.php(13): CApplication->run()
#5 {main}
REQUEST_URI=/forecastingpenjualan/index.php/site/user
---
2016/05/03 07:11:54 [error] [exception.CHttpException.404] exception 'CHttpException' with message 'The system is unable to find the requested action "user".' in E:\xampp\htdocs\newyii\framework\web\CController.php:483
Stack trace:
#0 E:\xampp\htdocs\newyii\framework\web\CController.php(270): CController->missingAction('user')
#1 E:\xampp\htdocs\newyii\framework\web\CWebApplication.php(282): CController->run('user')
#2 E:\xampp\htdocs\newyii\framework\web\CWebApplication.php(141): CWebApplication->runController('site/user')
#3 E:\xampp\htdocs\newyii\framework\base\CApplication.php(185): CWebApplication->processRequest()
#4 E:\xampp\htdocs\forecastingpenjualan\index.php(13): CApplication->run()
#5 {main}
REQUEST_URI=/forecastingpenjualan/index.php/site/user
---
2016/05/03 07:16:03 [error] [exception.CHttpException.404] exception 'CHttpException' with message 'Unable to resolve the request "css/screen.css".' in E:\xampp\htdocs\newyii\framework\web\CWebApplication.php:286
Stack trace:
#0 E:\xampp\htdocs\newyii\framework\web\CWebApplication.php(141): CWebApplication->runController('css/screen.css')
#1 E:\xampp\htdocs\newyii\framework\base\CApplication.php(185): CWebApplication->processRequest()
#2 E:\xampp\htdocs\forecastingpenjualan\index.php(13): CApplication->run()
#3 {main}
REQUEST_URI=/forecastingpenjualan/css/screen.css
HTTP_REFERER=http://localhost/forecastingpenjualan/index.php/site/page?view=about
---
2016/05/03 07:16:03 [error] [exception.CHttpException.404] exception 'CHttpException' with message 'Unable to resolve the request "css/main.css".' in E:\xampp\htdocs\newyii\framework\web\CWebApplication.php:286
Stack trace:
#0 E:\xampp\htdocs\newyii\framework\web\CWebApplication.php(141): CWebApplication->runController('css/main.css')
#1 E:\xampp\htdocs\newyii\framework\base\CApplication.php(185): CWebApplication->processRequest()
#2 E:\xampp\htdocs\forecastingpenjualan\index.php(13): CApplication->run()
#3 {main}
REQUEST_URI=/forecastingpenjualan/css/main.css
HTTP_REFERER=http://localhost/forecastingpenjualan/index.php/site/page?view=about
---
2016/05/03 07:16:03 [error] [exception.CHttpException.404] exception 'CHttpException' with message 'Unable to resolve the request "css/form.css".' in E:\xampp\htdocs\newyii\framework\web\CWebApplication.php:286
Stack trace:
#0 E:\xampp\htdocs\newyii\framework\web\CWebApplication.php(141): CWebApplication->runController('css/form.css')
#1 E:\xampp\htdocs\newyii\framework\base\CApplication.php(185): CWebApplication->processRequest()
#2 E:\xampp\htdocs\forecastingpenjualan\index.php(13): CApplication->run()
#3 {main}
REQUEST_URI=/forecastingpenjualan/css/form.css
HTTP_REFERER=http://localhost/forecastingpenjualan/index.php/site/page?view=about
---
2016/05/03 07:16:03 [error] [exception.CHttpException.404] exception 'CHttpException' with message 'Unable to resolve the request "css/print.css".' in E:\xampp\htdocs\newyii\framework\web\CWebApplication.php:286
Stack trace:
#0 E:\xampp\htdocs\newyii\framework\web\CWebApplication.php(141): CWebApplication->runController('css/print.css')
#1 E:\xampp\htdocs\newyii\framework\base\CApplication.php(185): CWebApplication->processRequest()
#2 E:\xampp\htdocs\forecastingpenjualan\index.php(13): CApplication->run()
#3 {main}
REQUEST_URI=/forecastingpenjualan/css/print.css
HTTP_REFERER=http://localhost/forecastingpenjualan/index.php/site/page?view=about
---
2016/05/03 07:16:10 [error] [exception.CHttpException.404] exception 'CHttpException' with message 'Unable to resolve the request "css/screen.css".' in E:\xampp\htdocs\newyii\framework\web\CWebApplication.php:286
Stack trace:
#0 E:\xampp\htdocs\newyii\framework\web\CWebApplication.php(141): CWebApplication->runController('css/screen.css')
#1 E:\xampp\htdocs\newyii\framework\base\CApplication.php(185): CWebApplication->processRequest()
#2 E:\xampp\htdocs\forecastingpenjualan\index.php(13): CApplication->run()
#3 {main}
REQUEST_URI=/forecastingpenjualan/css/screen.css
HTTP_REFERER=http://localhost/forecastingpenjualan/
---
2016/05/03 07:16:10 [error] [exception.CHttpException.404] exception 'CHttpException' with message 'Unable to resolve the request "css/main.css".' in E:\xampp\htdocs\newyii\framework\web\CWebApplication.php:286
Stack trace:
#0 E:\xampp\htdocs\newyii\framework\web\CWebApplication.php(141): CWebApplication->runController('css/main.css')
#1 E:\xampp\htdocs\newyii\framework\base\CApplication.php(185): CWebApplication->processRequest()
#2 E:\xampp\htdocs\forecastingpenjualan\index.php(13): CApplication->run()
#3 {main}
REQUEST_URI=/forecastingpenjualan/css/main.css
HTTP_REFERER=http://localhost/forecastingpenjualan/
---
2016/05/03 07:16:10 [error] [exception.CHttpException.404] exception 'CHttpException' with message 'Unable to resolve the request "css/form.css".' in E:\xampp\htdocs\newyii\framework\web\CWebApplication.php:286
Stack trace:
#0 E:\xampp\htdocs\newyii\framework\web\CWebApplication.php(141): CWebApplication->runController('css/form.css')
#1 E:\xampp\htdocs\newyii\framework\base\CApplication.php(185): CWebApplication->processRequest()
#2 E:\xampp\htdocs\forecastingpenjualan\index.php(13): CApplication->run()
#3 {main}
REQUEST_URI=/forecastingpenjualan/css/form.css
HTTP_REFERER=http://localhost/forecastingpenjualan/
---
2016/05/03 07:16:10 [error] [exception.CHttpException.404] exception 'CHttpException' with message 'Unable to resolve the request "css/print.css".' in E:\xampp\htdocs\newyii\framework\web\CWebApplication.php:286
Stack trace:
#0 E:\xampp\htdocs\newyii\framework\web\CWebApplication.php(141): CWebApplication->runController('css/print.css')
#1 E:\xampp\htdocs\newyii\framework\base\CApplication.php(185): CWebApplication->processRequest()
#2 E:\xampp\htdocs\forecastingpenjualan\index.php(13): CApplication->run()
#3 {main}
REQUEST_URI=/forecastingpenjualan/css/print.css
HTTP_REFERER=http://localhost/forecastingpenjualan/
---
2016/05/03 07:16:15 [error] [exception.CHttpException.404] exception 'CHttpException' with message 'Unable to resolve the request "css/form.css".' in E:\xampp\htdocs\newyii\framework\web\CWebApplication.php:286
Stack trace:
#0 E:\xampp\htdocs\newyii\framework\web\CWebApplication.php(141): CWebApplication->runController('css/form.css')
#1 E:\xampp\htdocs\newyii\framework\base\CApplication.php(185): CWebApplication->processRequest()
#2 E:\xampp\htdocs\forecastingpenjualan\index.php(13): CApplication->run()
#3 {main}
REQUEST_URI=/forecastingpenjualan/css/form.css
HTTP_REFERER=http://localhost/forecastingpenjualan/index.php/site/page?view=about
---
2016/05/03 07:16:15 [error] [exception.CHttpException.404] exception 'CHttpException' with message 'Unable to resolve the request "css/screen.css".' in E:\xampp\htdocs\newyii\framework\web\CWebApplication.php:286
Stack trace:
#0 E:\xampp\htdocs\newyii\framework\web\CWebApplication.php(141): CWebApplication->runController('css/screen.css')
#1 E:\xampp\htdocs\newyii\framework\base\CApplication.php(185): CWebApplication->processRequest()
#2 E:\xampp\htdocs\forecastingpenjualan\index.php(13): CApplication->run()
#3 {main}
REQUEST_URI=/forecastingpenjualan/css/screen.css
HTTP_REFERER=http://localhost/forecastingpenjualan/index.php/site/page?view=about
---
2016/05/03 07:16:15 [error] [exception.CHttpException.404] exception 'CHttpException' with message 'Unable to resolve the request "css/main.css".' in E:\xampp\htdocs\newyii\framework\web\CWebApplication.php:286
Stack trace:
#0 E:\xampp\htdocs\newyii\framework\web\CWebApplication.php(141): CWebApplication->runController('css/main.css')
#1 E:\xampp\htdocs\newyii\framework\base\CApplication.php(185): CWebApplication->processRequest()
#2 E:\xampp\htdocs\forecastingpenjualan\index.php(13): CApplication->run()
#3 {main}
REQUEST_URI=/forecastingpenjualan/css/main.css
HTTP_REFERER=http://localhost/forecastingpenjualan/index.php/site/page?view=about
---
2016/05/03 07:16:15 [error] [exception.CHttpException.404] exception 'CHttpException' with message 'Unable to resolve the request "css/print.css".' in E:\xampp\htdocs\newyii\framework\web\CWebApplication.php:286
Stack trace:
#0 E:\xampp\htdocs\newyii\framework\web\CWebApplication.php(141): CWebApplication->runController('css/print.css')
#1 E:\xampp\htdocs\newyii\framework\base\CApplication.php(185): CWebApplication->processRequest()
#2 E:\xampp\htdocs\forecastingpenjualan\index.php(13): CApplication->run()
#3 {main}
REQUEST_URI=/forecastingpenjualan/css/print.css
HTTP_REFERER=http://localhost/forecastingpenjualan/index.php/site/page?view=about
---
2016/05/03 07:19:05 [error] [exception.CHttpException.404] exception 'CHttpException' with message 'Unable to resolve the request "css/screen.css".' in E:\xampp\htdocs\newyii\framework\web\CWebApplication.php:286
Stack trace:
#0 E:\xampp\htdocs\newyii\framework\web\CWebApplication.php(141): CWebApplication->runController('css/screen.css')
#1 E:\xampp\htdocs\newyii\framework\base\CApplication.php(185): CWebApplication->processRequest()
#2 E:\xampp\htdocs\forecastingpenjualan\index.php(13): CApplication->run()
#3 {main}
REQUEST_URI=/forecastingpenjualan/css/screen.css
HTTP_REFERER=http://localhost/forecastingpenjualan/index.php/site/page?view=about
---
2016/05/03 07:19:05 [error] [exception.CHttpException.404] exception 'CHttpException' with message 'Unable to resolve the request "css/main.css".' in E:\xampp\htdocs\newyii\framework\web\CWebApplication.php:286
Stack trace:
#0 E:\xampp\htdocs\newyii\framework\web\CWebApplication.php(141): CWebApplication->runController('css/main.css')
#1 E:\xampp\htdocs\newyii\framework\base\CApplication.php(185): CWebApplication->processRequest()
#2 E:\xampp\htdocs\forecastingpenjualan\index.php(13): CApplication->run()
#3 {main}
REQUEST_URI=/forecastingpenjualan/css/main.css
HTTP_REFERER=http://localhost/forecastingpenjualan/index.php/site/page?view=about
---
2016/05/03 07:19:05 [error] [exception.CHttpException.404] exception 'CHttpException' with message 'Unable to resolve the request "css/form.css".' in E:\xampp\htdocs\newyii\framework\web\CWebApplication.php:286
Stack trace:
#0 E:\xampp\htdocs\newyii\framework\web\CWebApplication.php(141): CWebApplication->runController('css/form.css')
#1 E:\xampp\htdocs\newyii\framework\base\CApplication.php(185): CWebApplication->processRequest()
#2 E:\xampp\htdocs\forecastingpenjualan\index.php(13): CApplication->run()
#3 {main}
REQUEST_URI=/forecastingpenjualan/css/form.css
HTTP_REFERER=http://localhost/forecastingpenjualan/index.php/site/page?view=about
---
2016/05/03 07:19:05 [error] [exception.CHttpException.404] exception 'CHttpException' with message 'Unable to resolve the request "css/print.css".' in E:\xampp\htdocs\newyii\framework\web\CWebApplication.php:286
Stack trace:
#0 E:\xampp\htdocs\newyii\framework\web\CWebApplication.php(141): CWebApplication->runController('css/print.css')
#1 E:\xampp\htdocs\newyii\framework\base\CApplication.php(185): CWebApplication->processRequest()
#2 E:\xampp\htdocs\forecastingpenjualan\index.php(13): CApplication->run()
#3 {main}
REQUEST_URI=/forecastingpenjualan/css/print.css
HTTP_REFERER=http://localhost/forecastingpenjualan/index.php/site/page?view=about
---
2016/05/03 07:19:24 [error] [exception.CHttpException.404] exception 'CHttpException' with message 'Unable to resolve the request "css/screen.css".' in E:\xampp\htdocs\newyii\framework\web\CWebApplication.php:286
Stack trace:
#0 E:\xampp\htdocs\newyii\framework\web\CWebApplication.php(141): CWebApplication->runController('css/screen.css')
#1 E:\xampp\htdocs\newyii\framework\base\CApplication.php(185): CWebApplication->processRequest()
#2 E:\xampp\htdocs\forecastingpenjualan\index.php(13): CApplication->run()
#3 {main}
REQUEST_URI=/forecastingpenjualan/css/screen.css
HTTP_REFERER=http://localhost/forecastingpenjualan/
---
2016/05/03 07:19:24 [error] [exception.CHttpException.404] exception 'CHttpException' with message 'Unable to resolve the request "css/main.css".' in E:\xampp\htdocs\newyii\framework\web\CWebApplication.php:286
Stack trace:
#0 E:\xampp\htdocs\newyii\framework\web\CWebApplication.php(141): CWebApplication->runController('css/main.css')
#1 E:\xampp\htdocs\newyii\framework\base\CApplication.php(185): CWebApplication->processRequest()
#2 E:\xampp\htdocs\forecastingpenjualan\index.php(13): CApplication->run()
#3 {main}
REQUEST_URI=/forecastingpenjualan/css/main.css
HTTP_REFERER=http://localhost/forecastingpenjualan/
---
2016/05/03 07:19:24 [error] [exception.CHttpException.404] exception 'CHttpException' with message 'Unable to resolve the request "css/form.css".' in E:\xampp\htdocs\newyii\framework\web\CWebApplication.php:286
Stack trace:
#0 E:\xampp\htdocs\newyii\framework\web\CWebApplication.php(141): CWebApplication->runController('css/form.css')
#1 E:\xampp\htdocs\newyii\framework\base\CApplication.php(185): CWebApplication->processRequest()
#2 E:\xampp\htdocs\forecastingpenjualan\index.php(13): CApplication->run()
#3 {main}
REQUEST_URI=/forecastingpenjualan/css/form.css
HTTP_REFERER=http://localhost/forecastingpenjualan/
---
2016/05/03 07:19:24 [error] [exception.CHttpException.404] exception 'CHttpException' with message 'Unable to resolve the request "css/print.css".' in E:\xampp\htdocs\newyii\framework\web\CWebApplication.php:286
Stack trace:
#0 E:\xampp\htdocs\newyii\framework\web\CWebApplication.php(141): CWebApplication->runController('css/print.css')
#1 E:\xampp\htdocs\newyii\framework\base\CApplication.php(185): CWebApplication->processRequest()
#2 E:\xampp\htdocs\forecastingpenjualan\index.php(13): CApplication->run()
#3 {main}
REQUEST_URI=/forecastingpenjualan/css/print.css
HTTP_REFERER=http://localhost/forecastingpenjualan/
---
2016/05/03 07:19:32 [error] [exception.CHttpException.404] exception 'CHttpException' with message 'Unable to resolve the request "css/screen.css".' in E:\xampp\htdocs\newyii\framework\web\CWebApplication.php:286
Stack trace:
#0 E:\xampp\htdocs\newyii\framework\web\CWebApplication.php(141): CWebApplication->runController('css/screen.css')
#1 E:\xampp\htdocs\newyii\framework\base\CApplication.php(185): CWebApplication->processRequest()
#2 E:\xampp\htdocs\forecastingpenjualan\index.php(13): CApplication->run()
#3 {main}
REQUEST_URI=/forecastingpenjualan/css/screen.css
HTTP_REFERER=http://localhost/forecastingpenjualan/index.php/site/page?view=about
---
2016/05/03 07:19:32 [error] [exception.CHttpException.404] exception 'CHttpException' with message 'Unable to resolve the request "css/main.css".' in E:\xampp\htdocs\newyii\framework\web\CWebApplication.php:286
Stack trace:
#0 E:\xampp\htdocs\newyii\framework\web\CWebApplication.php(141): CWebApplication->runController('css/main.css')
#1 E:\xampp\htdocs\newyii\framework\base\CApplication.php(185): CWebApplication->processRequest()
#2 E:\xampp\htdocs\forecastingpenjualan\index.php(13): CApplication->run()
#3 {main}
REQUEST_URI=/forecastingpenjualan/css/main.css
HTTP_REFERER=http://localhost/forecastingpenjualan/index.php/site/page?view=about
---
2016/05/03 07:19:32 [error] [exception.CHttpException.404] exception 'CHttpException' with message 'Unable to resolve the request "css/form.css".' in E:\xampp\htdocs\newyii\framework\web\CWebApplication.php:286
Stack trace:
#0 E:\xampp\htdocs\newyii\framework\web\CWebApplication.php(141): CWebApplication->runController('css/form.css')
#1 E:\xampp\htdocs\newyii\framework\base\CApplication.php(185): CWebApplication->processRequest()
#2 E:\xampp\htdocs\forecastingpenjualan\index.php(13): CApplication->run()
#3 {main}
REQUEST_URI=/forecastingpenjualan/css/form.css
HTTP_REFERER=http://localhost/forecastingpenjualan/index.php/site/page?view=about
---
2016/05/03 07:19:32 [error] [exception.CHttpException.404] exception 'CHttpException' with message 'Unable to resolve the request "css/print.css".' in E:\xampp\htdocs\newyii\framework\web\CWebApplication.php:286
Stack trace:
#0 E:\xampp\htdocs\newyii\framework\web\CWebApplication.php(141): CWebApplication->runController('css/print.css')
#1 E:\xampp\htdocs\newyii\framework\base\CApplication.php(185): CWebApplication->processRequest()
#2 E:\xampp\htdocs\forecastingpenjualan\index.php(13): CApplication->run()
#3 {main}
REQUEST_URI=/forecastingpenjualan/css/print.css
HTTP_REFERER=http://localhost/forecastingpenjualan/index.php/site/page?view=about
---
2016/05/04 18:14:28 [error] [exception.CHttpException.404] exception 'CHttpException' with message 'The requested view "gii" was not found.' in E:\xampp\htdocs\newyii\framework\web\actions\CViewAction.php:112
Stack trace:
#0 E:\xampp\htdocs\newyii\framework\web\actions\CViewAction.php(123): CViewAction->resolveView('gii')
#1 E:\xampp\htdocs\newyii\framework\web\actions\CAction.php(76): CViewAction->run()
#2 E:\xampp\htdocs\newyii\framework\web\CController.php(308): CAction->runWithParams(Array)
#3 E:\xampp\htdocs\newyii\framework\web\CController.php(286): CController->runAction(Object(CViewAction))
#4 E:\xampp\htdocs\newyii\framework\web\CController.php(265): CController->runActionWithFilters(Object(CViewAction), Array)
#5 E:\xampp\htdocs\newyii\framework\web\CWebApplication.php(282): CController->run('page')
#6 E:\xampp\htdocs\newyii\framework\web\CWebApplication.php(141): CWebApplication->runController('site/page')
#7 E:\xampp\htdocs\newyii\framework\base\CApplication.php(185): CWebApplication->processRequest()
#8 E:\xampp\htdocs\forecastingpenjualan\index.php(13): CApplication->run()
#9 {main}
REQUEST_URI=/forecastingpenjualan/index.php/site/page?view=gii
---
2016/05/04 18:16:04 [error] [exception.CHttpException.403] exception 'CHttpException' with message 'You are not authorized to perform this action.' in E:\xampp\htdocs\newyii\framework\web\auth\CAccessControlFilter.php:182
Stack trace:
#0 E:\xampp\htdocs\newyii\framework\web\auth\CAccessControlFilter.php(145): CAccessControlFilter->accessDenied(Object(CWebUser), 'You are not aut...')
#1 E:\xampp\htdocs\newyii\framework\web\filters\CFilter.php(38): CAccessControlFilter->preFilter(Object(CFilterChain))
#2 E:\xampp\htdocs\newyii\framework\web\CController.php(1145): CFilter->filter(Object(CFilterChain))
#3 E:\xampp\htdocs\newyii\framework\web\filters\CInlineFilter.php(58): CController->filterAccessControl(Object(CFilterChain))
#4 E:\xampp\htdocs\newyii\framework\web\filters\CFilterChain.php(130): CInlineFilter->filter(Object(CFilterChain))
#5 E:\xampp\htdocs\newyii\framework\web\CController.php(291): CFilterChain->run()
#6 E:\xampp\htdocs\newyii\framework\web\CController.php(265): CController->runActionWithFilters(Object(CInlineAction), Array)
#7 E:\xampp\htdocs\newyii\framework\web\CWebApplication.php(282): CController->run('admin')
#8 E:\xampp\htdocs\newyii\framework\web\CWebApplication.php(141): CWebApplication->runController('barang/admin')
#9 E:\xampp\htdocs\newyii\framework\base\CApplication.php(185): CWebApplication->processRequest()
#10 E:\xampp\htdocs\forecastingpenjualan\index.php(13): CApplication->run()
#11 {main}
REQUEST_URI=/forecastingpenjualan/index.php/barang/admin
HTTP_REFERER=http://localhost/forecastingpenjualan/index.php/site/login
---
2016/05/07 11:59:42 [error] [exception.CHttpException.403] exception 'CHttpException' with message 'You are not authorized to perform this action.' in E:\xampp\htdocs\newyii\framework\web\auth\CAccessControlFilter.php:182
Stack trace:
#0 E:\xampp\htdocs\newyii\framework\web\auth\CAccessControlFilter.php(145): CAccessControlFilter->accessDenied(Object(CWebUser), 'You are not aut...')
#1 E:\xampp\htdocs\newyii\framework\web\filters\CFilter.php(38): CAccessControlFilter->preFilter(Object(CFilterChain))
#2 E:\xampp\htdocs\newyii\framework\web\CController.php(1145): CFilter->filter(Object(CFilterChain))
#3 E:\xampp\htdocs\newyii\framework\web\filters\CInlineFilter.php(58): CController->filterAccessControl(Object(CFilterChain))
#4 E:\xampp\htdocs\newyii\framework\web\filters\CFilterChain.php(130): CInlineFilter->filter(Object(CFilterChain))
#5 E:\xampp\htdocs\newyii\framework\web\CController.php(291): CFilterChain->run()
#6 E:\xampp\htdocs\newyii\framework\web\CController.php(265): CController->runActionWithFilters(Object(CInlineAction), Array)
#7 E:\xampp\htdocs\newyii\framework\web\CWebApplication.php(282): CController->run('admin')
#8 E:\xampp\htdocs\newyii\framework\web\CWebApplication.php(141): CWebApplication->runController('barang/admin')
#9 E:\xampp\htdocs\newyii\framework\base\CApplication.php(185): CWebApplication->processRequest()
#10 E:\xampp\htdocs\forecastingpenjualan\index.php(13): CApplication->run()
#11 {main}
REQUEST_URI=/forecastingpenjualan/index.php/barang/admin
HTTP_REFERER=http://localhost/forecastingpenjualan/index.php/barang/create
---
2016/05/07 12:12:57 [error] [exception.CHttpException.404] exception 'CHttpException' with message 'The requested view "gii" was not found.' in E:\xampp\htdocs\newyii\framework\web\actions\CViewAction.php:112
Stack trace:
#0 E:\xampp\htdocs\newyii\framework\web\actions\CViewAction.php(123): CViewAction->resolveView('gii')
#1 E:\xampp\htdocs\newyii\framework\web\actions\CAction.php(76): CViewAction->run()
#2 E:\xampp\htdocs\newyii\framework\web\CController.php(308): CAction->runWithParams(Array)
#3 E:\xampp\htdocs\newyii\framework\web\CController.php(286): CController->runAction(Object(CViewAction))
#4 E:\xampp\htdocs\newyii\framework\web\CController.php(265): CController->runActionWithFilters(Object(CViewAction), Array)
#5 E:\xampp\htdocs\newyii\framework\web\CWebApplication.php(282): CController->run('page')
#6 E:\xampp\htdocs\newyii\framework\web\CWebApplication.php(141): CWebApplication->runController('site/page')
#7 E:\xampp\htdocs\newyii\framework\base\CApplication.php(185): CWebApplication->processRequest()
#8 E:\xampp\htdocs\forecastingpenjualan\index.php(13): CApplication->run()
#9 {main}
REQUEST_URI=/forecastingpenjualan/index.php/site/page?view=gii
---
2016/05/07 12:13:04 [error] [exception.CHttpException.404] exception 'CHttpException' with message 'The system is unable to find the requested action "gii".' in E:\xampp\htdocs\newyii\framework\web\CController.php:483
Stack trace:
#0 E:\xampp\htdocs\newyii\framework\web\CController.php(270): CController->missingAction('gii')
#1 E:\xampp\htdocs\newyii\framework\web\CWebApplication.php(282): CController->run('gii')
#2 E:\xampp\htdocs\newyii\framework\web\CWebApplication.php(141): CWebApplication->runController('site/gii')
#3 E:\xampp\htdocs\newyii\framework\base\CApplication.php(185): CWebApplication->processRequest()
#4 E:\xampp\htdocs\forecastingpenjualan\index.php(13): CApplication->run()
#5 {main}
REQUEST_URI=/forecastingpenjualan/index.php/site/gii
---
2016/05/07 12:16:50 [error] [exception.CHttpException.403] exception 'CHttpException' with message 'You are not authorized to perform this action.' in E:\xampp\htdocs\newyii\framework\web\auth\CAccessControlFilter.php:182
Stack trace:
#0 E:\xampp\htdocs\newyii\framework\web\auth\CAccessControlFilter.php(145): CAccessControlFilter->accessDenied(Object(CWebUser), 'You are not aut...')
#1 E:\xampp\htdocs\newyii\framework\web\filters\CFilter.php(38): CAccessControlFilter->preFilter(Object(CFilterChain))
#2 E:\xampp\htdocs\newyii\framework\web\CController.php(1145): CFilter->filter(Object(CFilterChain))
#3 E:\xampp\htdocs\newyii\framework\web\filters\CInlineFilter.php(58): CController->filterAccessControl(Object(CFilterChain))
#4 E:\xampp\htdocs\newyii\framework\web\filters\CFilterChain.php(130): CInlineFilter->filter(Object(CFilterChain))
#5 E:\xampp\htdocs\newyii\framework\web\CController.php(291): CFilterChain->run()
#6 E:\xampp\htdocs\newyii\framework\web\CController.php(265): CController->runActionWithFilters(Object(CInlineAction), Array)
#7 E:\xampp\htdocs\newyii\framework\web\CWebApplication.php(282): CController->run('admin')
#8 E:\xampp\htdocs\newyii\framework\web\CWebApplication.php(141): CWebApplication->runController('user/admin')
#9 E:\xampp\htdocs\newyii\framework\base\CApplication.php(185): CWebApplication->processRequest()
#10 E:\xampp\htdocs\forecastingpenjualan\index.php(13): CApplication->run()
#11 {main}
REQUEST_URI=/forecastingpenjualan/index.php/user/admin
HTTP_REFERER=http://localhost/forecastingpenjualan/index.php/user/7
---
2016/05/07 12:27:33 [error] [exception.CHttpException.403] exception 'CHttpException' with message 'You are not authorized to perform this action.' in E:\xampp\htdocs\newyii\framework\web\auth\CAccessControlFilter.php:182
Stack trace:
#0 E:\xampp\htdocs\newyii\framework\web\auth\CAccessControlFilter.php(145): CAccessControlFilter->accessDenied(Object(CWebUser), 'You are not aut...')
#1 E:\xampp\htdocs\newyii\framework\web\filters\CFilter.php(38): CAccessControlFilter->preFilter(Object(CFilterChain))
#2 E:\xampp\htdocs\newyii\framework\web\CController.php(1145): CFilter->filter(Object(CFilterChain))
#3 E:\xampp\htdocs\newyii\framework\web\filters\CInlineFilter.php(58): CController->filterAccessControl(Object(CFilterChain))
#4 E:\xampp\htdocs\newyii\framework\web\filters\CFilterChain.php(130): CInlineFilter->filter(Object(CFilterChain))
#5 E:\xampp\htdocs\newyii\framework\web\CController.php(291): CFilterChain->run()
#6 E:\xampp\htdocs\newyii\framework\web\CController.php(265): CController->runActionWithFilters(Object(CInlineAction), Array)
#7 E:\xampp\htdocs\newyii\framework\web\CWebApplication.php(282): CController->run('admin')
#8 E:\xampp\htdocs\newyii\framework\web\CWebApplication.php(141): CWebApplication->runController('user/admin')
#9 E:\xampp\htdocs\newyii\framework\base\CApplication.php(185): CWebApplication->processRequest()
#10 E:\xampp\htdocs\forecastingpenjualan\index.php(13): CApplication->run()
#11 {main}
REQUEST_URI=/forecastingpenjualan/index.php/user/admin
HTTP_REFERER=http://localhost/forecastingpenjualan/index.php/user
---
